*** Using Compiler 'V6.21', folder: 'D:\AppGallery\Software\Keil_v5\ARM\ARMCLANG\Bin'
Build target 'PDB_firmware'
compiling gpio.c...
compiling can.c...
compiling freertos.c...
compiling main.c...
compiling tim.c...
compiling dma.c...
compiling stm32f4xx_it.c...
compiling stm32f4xx_hal_msp.c...
compiling usart.c...
compiling i2c.c...
compiling adc.c...
compiling stm32f4xx_hal_timebase_tim.c...
compiling stm32f4xx_ll_adc.c...
compiling stm32f4xx_hal_flash_ramfunc.c...
compiling stm32f4xx_hal_rcc_ex.c...
compiling stm32f4xx_hal_adc.c...
compiling stm32f4xx_hal_gpio.c...
compiling stm32f4xx_hal_flash_ex.c...
compiling stm32f4xx_hal_flash.c...
compiling stm32f4xx_hal_adc_ex.c...
compiling stm32f4xx_hal_rcc.c...
compiling stm32f4xx_hal_dma_ex.c...
compiling stm32f4xx_hal_pwr.c...
compiling stm32f4xx_hal_dma.c...
compiling stm32f4xx_hal_pwr_ex.c...
compiling stm32f4xx_hal.c...
compiling stm32f4xx_hal_cortex.c...
compiling stm32f4xx_hal_i2c_ex.c...
compiling stm32f4xx_hal_exti.c...
compiling system_stm32f4xx.c...
compiling can_app.c...
compiling stm32f4xx_hal_can.c...
compiling standby.c...
compiling mycan.c...
compiling oled_app.c...
compiling hsd_drive.c...
compiling stm32f4xx_hal_tim_ex.c...
compiling monitor_app.c...
compiling myusart.c...
compiling croutine.c...
compiling stm32f4xx_hal_uart.c...
compiling oledfont.c...
compiling list.c...
compiling voltage_monitor.c...
compiling event_groups.c...
compiling stream_buffer.c...
compiling oled.c...
compiling stm32f4xx_hal_tim.c...
compiling heap_4.c...
compiling port.c...
compiling queue.c...
compiling timers.c...
compiling stm32f4xx_hal_i2c.c...
compiling cmsis_os2.c...
compiling tasks.c...
linking...
Program Size: Code=44936 RO-data=4264 RW-data=44 ZI-data=22700  
FromELF: creating hex file...
"PDB_firmware\PDB_firmware.axf" - 0 Error(s), 0 Warning(s).
Build Time Elapsed:  00:00:03
